<?xml version="1.0" encoding="UTF-8"?>
<!-- Generated by org.testng.reporters.JUnitXMLReporter -->
<testsuite ignored="0" hostname="ACER" failures="0" tests="5" name="Default test" time="0.125" errors="0" timestamp="2022-04-10T23:36:01 IST">
  <testcase classname="Simple_Annotation1" name="Amazon" time="0.015"/>
  <testcase classname="Simple_Annotation1" name="Facebook" time="0.0"/>
  <testcase classname="Simple_Annotation1" name="fipKart" time="0.0"/>
  <testcase classname="Simple_Annotation1" name="fipKart" time="0.0"/>
  <testcase classname="Simple_Annotation1" name="fipKart" time="0.015"/>
</testsuite> <!-- Default test -->
